c:\users\sasun\source\repos\hearthstone\hearthstone\x64\debug\main.obj
c:\users\sasun\source\repos\hearthstone\hearthstone\x64\debug\hearthstone.obj
c:\users\sasun\source\repos\hearthstone\hearthstone\x64\debug\cards.obj
c:\users\sasun\source\repos\hearthstone\hearthstone\x64\debug\vc142.pdb
c:\users\sasun\source\repos\hearthstone\hearthstone\x64\debug\moc_hearthstone.obj
c:\users\sasun\source\repos\hearthstone\hearthstone\x64\debug\qrc_hearthstone.obj
c:\users\sasun\source\repos\hearthstone\hearthstone\x64\debug\uic\ui_hearthstone.h
c:\users\sasun\source\repos\hearthstone\hearthstone\x64\debug\rcc\qrc_hearthstone.cpp
c:\users\sasun\source\repos\hearthstone\hearthstone\x64\debug\moc\moc_hearthstone.cpp
c:\users\sasun\source\repos\hearthstone\x64\debug\hearthstone.ilk
c:\users\sasun\source\repos\hearthstone\x64\debug\hearthstone.exe
c:\users\sasun\source\repos\hearthstone\x64\debug\hearthstone.pdb
c:\users\sasun\source\repos\hearthstone\hearthstone\x64\debug\hearthstone.tlog\cl.17552.write.1.tlog
c:\users\sasun\source\repos\hearthstone\hearthstone\x64\debug\hearthstone.tlog\cl.command.1.tlog
c:\users\sasun\source\repos\hearthstone\hearthstone\x64\debug\hearthstone.tlog\cl.read.1.tlog
c:\users\sasun\source\repos\hearthstone\hearthstone\x64\debug\hearthstone.tlog\hearthstone.write.1u.tlog
c:\users\sasun\source\repos\hearthstone\hearthstone\x64\debug\hearthstone.tlog\link.command.1.tlog
c:\users\sasun\source\repos\hearthstone\hearthstone\x64\debug\hearthstone.tlog\link.read.1.tlog
c:\users\sasun\source\repos\hearthstone\hearthstone\x64\debug\hearthstone.tlog\link.write.1.tlog
c:\users\sasun\source\repos\hearthstone\hearthstone\x64\debug\hearthstone.tlog\moc.read.1u.tlog
c:\users\sasun\source\repos\hearthstone\hearthstone\x64\debug\hearthstone.tlog\moc.write.1u.tlog
c:\users\sasun\source\repos\hearthstone\hearthstone\x64\debug\hearthstone.tlog\rcc.read.1u.tlog
c:\users\sasun\source\repos\hearthstone\hearthstone\x64\debug\hearthstone.tlog\rcc.write.1u.tlog
c:\users\sasun\source\repos\hearthstone\hearthstone\x64\debug\hearthstone.tlog\uic.read.1u.tlog
c:\users\sasun\source\repos\hearthstone\hearthstone\x64\debug\hearthstone.tlog\uic.write.1u.tlog
